<?xml version="1.0" encoding="UTF-8"?>
<!-- Generated by org.testng.reporters.JUnitReportReporter -->
<testsuite skipped="0" hostname="DESKTOP-0M1MH5T" name="com.qa.linkedin.testcase.SearchDataDrivenTest" tests="8" failures="0" timestamp="2020-01-31T08:40:39 IST" time="82.428" errors="0">
  <testcase name="loginTest" time="26.669" classname="com.qa.linkedin.testcase.SearchDataDrivenTest"/>
  <testcase name="searchPeopleTest" time="7.709" classname="com.qa.linkedin.testcase.SearchDataDrivenTest"/>
  <testcase name="searchPeopleTest" time="7.934" classname="com.qa.linkedin.testcase.SearchDataDrivenTest"/>
  <testcase name="searchPeopleTest" time="8.545" classname="com.qa.linkedin.testcase.SearchDataDrivenTest"/>
  <testcase name="searchPeopleTest" time="7.811" classname="com.qa.linkedin.testcase.SearchDataDrivenTest"/>
  <testcase name="searchPeopleTest" time="7.740" classname="com.qa.linkedin.testcase.SearchDataDrivenTest"/>
  <testcase name="searchPeopleTest" time="8.199" classname="com.qa.linkedin.testcase.SearchDataDrivenTest"/>
  <testcase name="searchPeopleTest" time="7.821" classname="com.qa.linkedin.testcase.SearchDataDrivenTest"/>
</testsuite> <!-- com.qa.linkedin.testcase.SearchDataDrivenTest -->
