<?xml version="1.0" encoding="UTF-8"?>
<!-- Generated by org.testng.reporters.JUnitReportReporter -->
<testsuite skipped="0" hostname="DESKTOP-0M1MH5T" name="com.qa.linkedin.testcase.SearchDataDrivenTest" tests="8" failures="0" timestamp="2020-02-04T07:51:14 IST" time="136.894" errors="0">
  <testcase name="searchPeopleTest" time="9.377" classname="com.qa.linkedin.testcase.SearchDataDrivenTest"/>
  <system-out/>
  <testcase name="searchPeopleTest" time="8.604" classname="com.qa.linkedin.testcase.SearchDataDrivenTest"/>
  <system-out/>
  <testcase name="searchPeopleTest" time="8.576" classname="com.qa.linkedin.testcase.SearchDataDrivenTest"/>
  <system-out/>
  <testcase name="searchPeopleTest" time="8.039" classname="com.qa.linkedin.testcase.SearchDataDrivenTest"/>
  <system-out/>
  <testcase name="searchPeopleTest" time="7.437" classname="com.qa.linkedin.testcase.SearchDataDrivenTest"/>
  <system-out/>
  <testcase name="searchPeopleTest" time="8.502" classname="com.qa.linkedin.testcase.SearchDataDrivenTest"/>
  <system-out/>
  <testcase name="searchPeopleTest" time="8.973" classname="com.qa.linkedin.testcase.SearchDataDrivenTest"/>
  <system-out/>
  <testcase name="loginTest" time="77.386" classname="com.qa.linkedin.testcase.SearchDataDrivenTest"/>
  <system-out/>
</testsuite> <!-- com.qa.linkedin.testcase.SearchDataDrivenTest -->
